
> campaign-management-backend@1.0.0 dev
> tsx watch src/index.ts

‚óá injected env (5) from ..\.env // tip: ‚óà encrypted .env [www.dotenvx.com]
‚óá injected env (0) from ..\.env // tip: ‚åò enable debugging { debug: true }
Campaign API listening on port 3001
6:28:51 PM [tsx] change in ./src\index.ts Restarting...
c‚óá injected env (5) from ..\.env // tip: ‚åò suppress logs { quiet: true }
‚óá injected env (0) from ..\.env // tip: ‚åò enable debugging { debug: true }
Campaign API listening on port 3001
6:54:44 PM [tsx] change in ./..\shared\campaign.ts Rerunning...
c‚óá injected env (5) from ..\.env // tip: ‚óà encrypted .env [www.dotenvx.com]
‚óá injected env (0) from ..\.env // tip: ‚åò override existing { override: true }
Campaign API listening on port 3001
6:55:26 PM [tsx] change in ./src\routes\campaigns.ts Rerunning...
c‚óá injected env (5) from ..\.env // tip: ‚åò custom filepath { path: '/custom/path/.env' }
‚óá injected env (0) from ..\.env // tip: ‚åÅ auth for agents [www.vestauth.com]
Campaign API listening on port 3001
6:59:42 PM [tsx] change in ./src\routes\campaigns.ts Rerunning...
c‚óá injected env (5) from ..\.env // tip: ‚åò multiple files { path: ['.env.local', '.env'] }
‚óá injected env (0) from ..\.env // tip: ‚óà secrets for agents [www.dotenvx.com]
Campaign API listening on port 3001
9:32:22 PM [tsx] change in ./..\shared\template.ts Rerunning...
c‚óá injected env (5) from ..\.env // tip: ‚åò override existing { override: true }
‚óá injected env (0) from ..\.env // tip: ‚åò enable debugging { debug: true }
Campaign API listening on port 3001
9:32:43 PM [tsx] change in ./..\shared\template.ts Restarting...
c‚óá injected env (5) from ..\.env // tip: ‚åÅ auth for agents [www.vestauth.com]
‚óá injected env (0) from ..\.env // tip: ‚åò custom filepath { path: '/custom/path/.env' }
Campaign API listening on port 3001
9:33:06 PM [tsx] change in ./src\routes\templates.ts Rerunning...
c‚óá injected env (5) from ..\.env // tip: ‚åò multiple files { path: ['.env.local', '.env'] }
‚óá injected env (0) from ..\.env // tip: ‚åò multiple files { path: ['.env.local', '.env'] }
Campaign API listening on port 3001
9:47:58 PM [tsx] unlink in ./src\routes\templates.ts Rerunning...
c9:48:37 PM [tsx] change in ./src\routes\templates.ts Rerunning...
c‚óá injected env (5) from ..\.env // tip: ‚åò custom filepath { path: '/custom/path/.env' }
‚óá injected env (0) from ..\.env // tip: ‚åò multiple files { path: ['.env.local', '.env'] }
Campaign API listening on port 3001
9:49:36 PM [tsx] change in ./..\shared\template.ts Rerunning...
c‚óá injected env (5) from ..\.env // tip: ‚åò suppress logs { quiet: true }
‚óá injected env (0) from ..\.env // tip: ‚åÅ auth for agents [www.vestauth.com]
Campaign API listening on port 3001
9:50:52 PM [tsx] change in ./src\routes\templates.ts Rerunning...
c‚óá injected env (5) from ..\.env // tip: ‚åò enable debugging { debug: true }
‚óá injected env (0) from ..\.env // tip: ‚óà secrets for agents [www.dotenvx.com]
Campaign API listening on port 3001
9:52:57 PM [tsx] change in ./src\routes\templates.ts Restarting...
c‚óá injected env (5) from ..\.env // tip: ‚åò suppress logs { quiet: true }
‚óá injected env (0) from ..\.env // tip: ‚óà secrets for agents [www.dotenvx.com]
Campaign API listening on port 3001
10:41:25 AM [tsx] change in ./..\shared\template.ts Rerunning...
c‚óá injected env (9) from ..\.env // tip: ‚óà encrypted .env [www.dotenvx.com]
‚óá injected env (0) from ..\.env // tip: ‚åÅ auth for agents [www.vestauth.com]
Campaign API listening on port 3001
10:42:57 AM [tsx] change in ./src\routes\templates.ts Rerunning...
c11:18:18 AM [tsx] change in ./src\routes\templates.ts Rerunning...
c12:49:00 PM [tsx] change in ./..\shared\applicationForm.ts Rerunning...
c‚óá injected env (9) from ..\.env // tip: ‚åÅ auth for agents [www.vestauth.com]
‚óá injected env (0) from ..\.env // tip: ‚åò suppress logs { quiet: true }
Campaign API listening on port 3001
12:50:43 PM [tsx] change in ./src\routes\forms.ts Rerunning...
c‚óá injected env (9) from ..\.env // tip: ‚åò suppress logs { quiet: true }
‚óá injected env (0) from ..\.env // tip: ‚óà secrets for agents [www.dotenvx.com]
Campaign API listening on port 3001
12:51:24 PM [tsx] change in ./..\shared\applicationForm.ts Rerunning...
c‚óá injected env (9) from ..\.env // tip: ‚åò override existing { override: true }
‚óá injected env (0) from ..\.env // tip: ‚óà encrypted .env [www.dotenvx.com]
Campaign API listening on port 3001
12:52:24 PM [tsx] change in ./..\shared\applicationForm.ts Rerunning...
c‚óá injected env (9) from ..\.env // tip: ‚óà secrets for agents [www.dotenvx.com]
‚óá injected env (0) from ..\.env // tip: ‚åÅ auth for agents [www.vestauth.com]
Campaign API listening on port 3001
2:35:27 PM [tsx] change in ./..\shared\applicationForm.ts Rerunning...
c‚óá injected env (9) from ..\.env // tip: ‚óà secrets for agents [www.dotenvx.com]
‚óá injected env (0) from ..\.env // tip: ‚åò custom filepath { path: '/custom/path/.env' }
Campaign API listening on port 3001
2:37:03 PM [tsx] change in ./src\routes\forms.ts Rerunning...
c2:37:04 PM [tsx] change in ./src\routes\forms.ts Restarting...
c‚óá injected env (9) from ..\.env // tip: ‚åò enable debugging { debug: true }
‚óá injected env (0) from ..\.env // tip: ‚åò enable debugging { debug: true }
Campaign API listening on port 3001
2:37:33 PM [tsx] change in ./src\routes\forms.ts Rerunning...
c2:37:35 PM [tsx] change in ./src\routes\forms.ts Restarting...
c‚óá injected env (9) from ..\.env // tip: ‚åò enable debugging { debug: true }
‚óá injected env (0) from ..\.env // tip: ‚åò override existing { override: true }
Campaign API listening on port 3001
2:38:47 PM [tsx] change in ./src\routes\forms.ts Rerunning...
c‚óá injected env (9) from ..\.env // tip: ‚åò override existing { override: true }
‚óá injected env (0) from ..\.env // tip: ‚åò multiple files { path: ['.env.local', '.env'] }
Campaign API listening on port 3001
2:40:22 PM [tsx] change in ./src\routes\forms.ts Restarting...
c‚óá injected env (9) from ..\.env // tip: ‚åò override existing { override: true }
‚óá injected env (0) from ..\.env // tip: ‚åò multiple files { path: ['.env.local', '.env'] }
Campaign API listening on port 3001
2:41:51 PM [tsx] change in ./src\routes\forms.ts Rerunning...
c‚óá injected env (9) from ..\.env // tip: ‚åò custom filepath { path: '/custom/path/.env' }
‚óá injected env (0) from ..\.env // tip: ‚óà encrypted .env [www.dotenvx.com]
Campaign API listening on port 3001
2:45:05 PM [tsx] change in ./src\routes\forms.ts Rerunning...
c2:45:07 PM [tsx] change in ./src\routes\forms.ts Restarting...
c‚óá injected env (9) from ..\.env // tip: ‚åÅ auth for agents [www.vestauth.com]
‚óá injected env (0) from ..\.env // tip: ‚åò multiple files { path: ['.env.local', '.env'] }
Campaign API listening on port 3001
2:48:42 PM [tsx] change in ./src\routes\forms.ts Rerunning...
c‚óá injected env (9) from ..\.env // tip: ‚óà encrypted .env [www.dotenvx.com]
‚óá injected env (0) from ..\.env // tip: ‚óà encrypted .env [www.dotenvx.com]
Campaign API listening on port 3001
3:37:15 PM [tsx] change in ./src\lib\bedrock.ts Rerunning...
c‚óá injected env (9) from ..\.env // tip: ‚åò multiple files { path: ['.env.local', '.env'] }
‚óá injected env (0) from ..\.env // tip: ‚óà encrypted .env [www.dotenvx.com]
Campaign API listening on port 3001
3:43:05 PM [tsx] change in ./..\shared\campaign.ts Rerunning...
c‚óá injected env (9) from ..\.env // tip: ‚åÅ auth for agents [www.vestauth.com]
‚óá injected env (0) from ..\.env // tip: ‚åò override existing { override: true }
Campaign API listening on port 3001
3:43:37 PM [tsx] change in ./src\routes\campaigns.ts Rerunning...
c3:43:38 PM [tsx] change in ./src\routes\campaigns.ts Restarting...
c‚óá injected env (9) from ..\.env // tip: ‚óà encrypted .env [www.dotenvx.com]
‚óá injected env (0) from ..\.env // tip: ‚åÅ auth for agents [www.vestauth.com]
Campaign API listening on port 3001
4:47:34 PM [tsx] change in ./src\routes\campaigns.ts Rerunning...
c4:47:42 PM [tsx] change in ./..\shared\campaign.ts Restarting...
c4:47:48 PM [tsx] change in ./src\routes\forms.ts Restarting...
c4:47:53 PM [tsx] change in ./src\routes\forms.ts Restarting...
c‚óá injected env (9) from ..\.env // tip: ‚åÅ auth for agents [www.vestauth.com]
‚óá injected env (0) from ..\.env // tip: ‚åò multiple files { path: ['.env.local', '.env'] }
Campaign API listening on port 3001
4:48:08 PM [tsx] change in ./src\routes\forms.ts Rerunning...
c‚óá injected env (9) from ..\.env // tip: ‚åò custom filepath { path: '/custom/path/.env' }
‚óá injected env (0) from ..\.env // tip: ‚åÅ auth for agents [www.vestauth.com]
Campaign API listening on port 3001
7:25:24 PM [tsx] change in ./src\routes\forms.ts Rerunning...
c‚óá injected env (9) from ..\.env // tip: ‚åò enable debugging { debug: true }
7:25:43 PM [tsx] change in ./..\shared\campaign.ts Restarting...
c‚óá injected env (9) from ..\.env // tip: ‚åò enable debugging { debug: true }
‚óá injected env (0) from ..\.env // tip: ‚åò enable debugging { debug: true }
Campaign API listening on port 3001
7:29:18 PM [tsx] change in ./..\shared\campaign.ts Restarting...
c‚óá injected env (9) from ..\.env // tip: ‚åò suppress logs { quiet: true }
‚óá injected env (0) from ..\.env // tip: ‚åò suppress logs { quiet: true }
Campaign API listening on port 3001
7:29:39 PM [tsx] change in ./src\routes\campaigns.ts Rerunning...
c‚óá injected env (9) from ..\.env // tip: ‚åò multiple files { path: ['.env.local', '.env'] }
‚óá injected env (0) from ..\.env // tip: ‚óà encrypted .env [www.dotenvx.com]
Campaign API listening on port 3001
7:29:54 PM [tsx] change in ./src\routes\campaigns.ts Restarting...
c‚óá injected env (9) from ..\.env // tip: ‚óà encrypted .env [www.dotenvx.com]
‚óá injected env (0) from ..\.env // tip: ‚åò override existing { override: true }
Campaign API listening on port 3001
7:36:25 PM [tsx] change in ./src\routes\forms.ts Rerunning...
c7:36:33 PM [tsx] change in ./src\routes\forms.ts Restarting...
c7:36:43 PM [tsx] change in ./src\routes\forms.ts Restarting...
c‚óá injected env (9) from ..\.env // tip: ‚åò enable debugging { debug: true }
‚óá injected env (0) from ..\.env // tip: ‚óà secrets for agents [www.dotenvx.com]
Campaign API listening on port 3001
11:52:35 PM [tsx] change in ./..\shared\campaign.ts Rerunning...
c11:58:35 PM [tsx] change in ./src\routes\campaigns.ts Rerunning...
c11:58:37 PM [tsx] change in ./src\routes\campaigns.ts Restarting...
c‚óá injected env (9) from ..\.env // tip: ‚óà encrypted .env [www.dotenvx.com]
‚óá injected env (0) from ..\.env // tip: ‚óà secrets for agents [www.dotenvx.com]
Campaign API listening on port 3001
12:43:18 AM [tsx] change in ./src\lib\supabase.ts Rerunning...
c‚óá injected env (9) from ..\.env // tip: ‚óà secrets for agents [www.dotenvx.com]
‚óá injected env (0) from ..\.env // tip: ‚óà secrets for agents [www.dotenvx.com]
Campaign API listening on port 3001
12:43:45 AM [tsx] change in ./src\index.ts Rerunning...
c‚óá injected env (9) from ..\.env // tip: ‚åò custom filepath { path: '/custom/path/.env' }
‚óá injected env (0) from ..\.env // tip: ‚åò override existing { override: true }
Campaign API listening on port 3001
12:47:59 AM [tsx] change in ./src\routes\forms.ts Rerunning...
c‚óá injected env (9) from ..\.env // tip: ‚óà encrypted .env [www.dotenvx.com]
‚óá injected env (0) from ..\.env // tip: ‚åò custom filepath { path: '/custom/path/.env' }
Campaign API listening on port 3001
12:51:31 AM [tsx] change in ./src\index.ts Rerunning...
c‚óá injected env (9) from ..\.env // tip: ‚åò suppress logs { quiet: true }
‚óá injected env (0) from ..\.env // tip: ‚åò suppress logs { quiet: true }
Campaign API listening on port 3001
5:46:09 PM [tsx] change in ./..\shared\campaign.ts Rerunning...
c‚óá injected env (9) from ..\.env // tip: ‚óà secrets for agents [www.dotenvx.com]
‚óá injected env (0) from ..\.env // tip: ‚óà secrets for agents [www.dotenvx.com]
Campaign API listening on port 3001
6:01:33 PM [tsx] change in ./..\shared\template.ts Rerunning...
c‚óá injected env (9) from ..\.env // tip: ‚åò override existing { override: true }
‚óá injected env (0) from ..\.env // tip: ‚åÅ auth for agents [www.vestauth.com]
Campaign API listening on port 3001
6:02:57 PM [tsx] change in ./src\routes\templates.ts Rerunning...
c‚óá injected env (9) from ..\.env // tip: ‚åò suppress logs { quiet: true }
‚óá injected env (0) from ..\.env // tip: ‚åò suppress logs { quiet: true }
Campaign API listening on port 3001
6:03:42 PM [tsx] change in ./src\lib\bedrock.ts Rerunning...
c‚óá injected env (9) from ..\.env // tip: ‚åò enable debugging { debug: true }
‚óá injected env (0) from ..\.env // tip: ‚åò enable debugging { debug: true }
Campaign API listening on port 3001
6:06:14 PM [tsx] change in ./src\lib\bedrock.ts Rerunning...
c‚óá injected env (9) from ..\.env // tip: ‚åò multiple files { path: ['.env.local', '.env'] }
‚óá injected env (0) from ..\.env // tip: ‚óà secrets for agents [www.dotenvx.com]
Campaign API listening on port 3001
6:25:35 PM [tsx] change in ./src\lib\bedrock.ts Rerunning...
c‚óá injected env (9) from ..\.env // tip: ‚åÅ auth for agents [www.vestauth.com]
‚óá injected env (0) from ..\.env // tip: ‚åÅ auth for agents [www.vestauth.com]
Campaign API listening on port 3001
8:58:46 PM [tsx] change in ./..\shared\campaign.ts Rerunning...
c‚óá injected env (9) from ..\.env // tip: ‚óà encrypted .env [www.dotenvx.com]
‚óá injected env (0) from ..\.env // tip: ‚óà encrypted .env [www.dotenvx.com]
Campaign API listening on port 3001
11:12:54 PM [tsx] change in ./src\routes\templates.ts Rerunning...
c‚óá injected env (9) from ..\.env // tip: ‚óà encrypted .env [www.dotenvx.com]
‚óá injected env (0) from ..\.env // tip: ‚åÅ auth for agents [www.vestauth.com]
Campaign API listening on port 3001
11:20:01 PM [tsx] change in ./src\lib\supabase.ts Rerunning...
c‚óá injected env (0) from src\lib\.env // tip: ‚óà secrets for agents [www.dotenvx.com]
‚óá injected env (9) from .env // tip: ‚óà encrypted .env [www.dotenvx.com]
‚óá injected env (0) from ..\.env // tip: ‚åò suppress logs { quiet: true }
‚óá injected env (0) from ..\.env // tip: ‚åò override existing { override: true }
Campaign API listening on port 3001
11:20:49 PM [tsx] change in ./src\lib\supabase.ts Rerunning...
c‚óá injected env (9) from .env // tip: ‚åò multiple files { path: ['.env.local', '.env'] }
‚óá injected env (0) from ..\.env // tip: ‚óà encrypted .env [www.dotenvx.com]
‚óá injected env (0) from ..\.env // tip: ‚åò override existing { override: true }
Campaign API listening on port 3001
11:32:27 PM [tsx] change in ./src\routes\campaigns.ts Rerunning...
c‚óá injected env (9) from .env // tip: ‚åò custom filepath { path: '/custom/path/.env' }
‚óá injected env (0) from ..\.env // tip: ‚åò override existing { override: true }
‚óá injected env (0) from ..\.env // tip: ‚óà encrypted .env [www.dotenvx.com]
Campaign API listening on port 3001
11:37:34 PM [tsx] change in ./src\routes\campaigns.ts Rerunning...
c11:37:37 PM [tsx] change in ./src\routes\campaigns.ts Restarting...
c‚óá injected env (9) from .env // tip: ‚óà secrets for agents [www.dotenvx.com]
‚óá injected env (0) from ..\.env // tip: ‚åò suppress logs { quiet: true }
‚óá injected env (0) from ..\.env // tip: ‚åò enable debugging { debug: true }
Campaign API listening on port 3001
12:51:08 AM [tsx] change in ./src\lib\supabase.ts Rerunning...
c‚óá injected env (9) from .env // tip: ‚óà secrets for agents [www.dotenvx.com]
‚óá injected env (0) from ..\.env // tip: ‚óà encrypted .env [www.dotenvx.com]
‚óá injected env (0) from ..\.env // tip: ‚åÅ auth for agents [www.vestauth.com]
Campaign API listening on port 3001
Terminate batch job (Y/N)? 
 true }
‚óá injected env (0) from ..\.env // tip: ‚åò multiple files { path: ['.env.local', '.env'] }
‚óá injected env (0) from ..\.env // tip: ‚åò custom filepath { path: '/custom/path/.env' }
Campaign API listening on port 3001
 from ..\.env // tip: ‚åÅ auth for agents [www.vestauth.com]
‚óá injected env (0) from ..\.env // tip: ‚åò multiple files { path: ['.env.local', '.env'] ‚óá injected env (0) from ..\.env // t11:12:54 PM [tsx] change in ./src\routes\templates.ts Rerunning...
c‚óá injected env (9) from ..\.env // tip: ‚åò enable debugging { debug: true }
‚óá injected env (0) from ..\.env // tip: ‚åò suppress logs { quiet: true }
Campaign API listening on port 3001
11:20:01 PM [tsx] change in ./src\lib\supabase.ts Rerunning...
c‚óá injected env (0) from src\lib\.env // tip: ‚åò enable debugging { debug: true }
‚óá injected env ‚óá injected env (0) from src\lib\.env // tip: ‚óà encrypted .env [www.dotenvx.com]
‚óá injected env (9) from .env // tip: ‚åò enable debuggin‚óá injected env (0) from ..\.env // tip: ‚åò suppress logs { quiet: true }
Campaign API listening on port 300‚ó11:20:49 PM [tsx] change in ./src\lib\supabase.ts Rerunning...
c‚óá injected env (9) from .env // tip: ‚åÅ auth for agents [www.vestauth.com]
‚óá injected env (0) from ..\.env // tip: ‚åò suppress logs { quiet: true }
‚óá injected env (0) from ..\.env // tip: ‚åò suppress logs { quiet: true }
Campaign API listening on port 3001
11:32:27 PM [tsx] change in ./src\routes\campaigns.ts Rerunning...
c‚óá injected env (9) from .env // tip: ‚åÅ auth for agents [www.vestauth.com]
‚óá injected env (0) from ..\.env // tip: ‚åò custom filepath { path: '/custom/path/.env' }
‚óá injected env (0) from ..\.env // tip: ‚åò multiple files { path: ['.env.local', '.env'] }
Campaign API listening on port 3001
11:37:34 PM [tsx] change in ./src\routes\campaigns.ts Rerunning...
c11:37:37 PM [tsx] change in ./src\routes\campaigns.ts Restarting...
c‚óá injected env (9) from .env // tip: ‚óà secrets for agents [www.dotenvx.com]
‚óá injected ‚óá injected env (9) from .env // tip: ‚åÅ auth for agents [www.vestauth.com]
‚óá‚óá injected env (0) from ..\.env // tip: ‚óà secrets for agents [www.dot‚óá injected env (0) from ..\.env // tip: ‚åò 12:51:08 AM [tsx] change in ./src\lib\supabase.ts Rerunning...
c‚óá injected env (9) from .env // tip: ‚åò override existing { override: true }
‚óá ‚óá injected env (9) from .env // tip: ‚åò multiple files { path: ['.env.local'‚óá injected env (0) from ..\.env // tip: ‚åò override existing { override: true }
Campaign‚óá injected env (0) from ..\.env // tip: ‚åò multiple files { path: ['.env.local', '.env'] }
Campaign API listening on port 3001
 listening on port 3001
