node:internal/modules/esm/resolve:271
    throw new ERR_MODULE_NOT_FOUND(
          ^

Error [ERR_MODULE_NOT_FOUND]: Cannot find module 'C:\Users\Muskan Sharma\OneDrive - E-SOLUTIONS IT SERVICES PRIVATE LIMITED\Desktop\Outreach_Campaign\backend\src\routes\templates.js' imported from C:\Users\Muskan Sharma\OneDrive - E-SOLUTIONS IT SERVICES PRIVATE LIMITED\Desktop\Outreach_Campaign\backend\src\index.ts
    at finalizeResolution (node:internal/modules/esm/resolve:271:11)
    at moduleResolve (node:internal/modules/esm/resolve:865:10)
    at defaultResolve (node:internal/modules/esm/resolve:992:11)
    at #cachedDefaultResolve (node:internal/modules/esm/loader:691:20)
    at #resolveAndMaybeBlockOnLoaderThread (node:internal/modules/esm/loader:708:38)
    at nextStep (node:internal/modules/customization_hooks:189:26)
    at resolveBaseSync (file:///C:/Users/Muskan%20Sharma/OneDrive%20-%20E-SOLUTIONS%20IT%20SERVICES%20PRIVATE%20LIMITED/Desktop/Outreach_Campaign/backend/node_modules/tsx/dist/register-CqMfTiWi.mjs:2:8745)
    at resolveDirectorySync (file:///C:/Users/Muskan%20Sharma/OneDrive%20-%20E-SOLUTIONS%20IT%20SERVICES%20PRIVATE%20LIMITED/Desktop/Outreach_Campaign/backend/node_modules/tsx/dist/register-CqMfTiWi.mjs:2:9958)
    at resolveTsPathsSync (file:///C:/Users/Muskan%20Sharma/OneDrive%20-%20E-SOLUTIONS%20IT%20SERVICES%20PRIVATE%20LIMITED/Desktop/Outreach_Campaign/backend/node_modules/tsx/dist/register-CqMfTiWi.mjs:2:11190)
    at resolve2 (file:///C:/Users/Muskan%20Sharma/OneDrive%20-%20E-SOLUTIONS%20IT%20SERVICES%20PRIVATE%20LIMITED/Desktop/Outreach_Campaign/backend/node_modules/tsx/dist/register-CqMfTiWi.mjs:2:12977) {
  code: 'ERR_MODULE_NOT_FOUND',
  url: 'file:///C:/Users/Muskan%20Sharma/OneDrive%20-%20E-SOLUTIONS%20IT%20SERVICES%20PRIVATE%20LIMITED/Desktop/Outreach_Campaign/backend/src/routes/templates.js'
}

Node.js v24.16.0
node:internal/modules/package_json_reader:301
  throw new ERR_MODULE_NOT_FOUND(packageName, fileURLToPath(base), null);
        ^

Error [ERR_MODULE_NOT_FOUND]: Cannot find package '@aws-sdk/client-bedrock-runtime' imported from C:\Users\Muskan Sharma\OneDrive - E-SOLUTIONS IT SERVICES PRIVATE LIMITED\Desktop\Outreach_Campaign\backend\src\lib\bedrock.ts
    at Object.getPackageJSONURL (node:internal/modules/package_json_reader:301:9)
    at packageResolve (node:internal/modules/esm/resolve:768:81)
    at moduleResolve (node:internal/modules/esm/resolve:859:18)
    at defaultResolve (node:internal/modules/esm/resolve:992:11)
    at #cachedDefaultResolve (node:internal/modules/esm/loader:691:20)
    at #resolveAndMaybeBlockOnLoaderThread (node:internal/modules/esm/loader:708:38)
    at nextStep (node:internal/modules/customization_hooks:189:26)
    at resolveBaseSync (file:///C:/Users/Muskan%20Sharma/OneDrive%20-%20E-SOLUTIONS%20IT%20SERVICES%20PRIVATE%20LIMITED/Desktop/Outreach_Campaign/backend/node_modules/tsx/dist/register-CqMfTiWi.mjs:2:8745)
    at resolveDirectorySync (file:///C:/Users/Muskan%20Sharma/OneDrive%20-%20E-SOLUTIONS%20IT%20SERVICES%20PRIVATE%20LIMITED/Desktop/Outreach_Campaign/backend/node_modules/tsx/dist/register-CqMfTiWi.mjs:2:9958)
    at resolveTsPathsSync (file:///C:/Users/Muskan%20Sharma/OneDrive%20-%20E-SOLUTIONS%20IT%20SERVICES%20PRIVATE%20LIMITED/Desktop/Outreach_Campaign/backend/node_modules/tsx/dist/register-CqMfTiWi.mjs:2:11190) {
  code: 'ERR_MODULE_NOT_FOUND'
}

Node.js v24.16.0
node:internal/modules/package_json_reader:301
  throw new ERR_MODULE_NOT_FOUND(packageName, fileURLToPath(base), null);
        ^

Error [ERR_MODULE_NOT_FOUND]: Cannot find package '@aws-sdk/client-bedrock-runtime' imported from C:\Users\Muskan Sharma\OneDrive - E-SOLUTIONS IT SERVICES PRIVATE LIMITED\Desktop\Outreach_Campaign\backend\src\lib\bedrock.ts
    at Object.getPackageJSONURL (node:internal/modules/package_json_reader:301:9)
    at packageResolve (node:internal/modules/esm/resolve:768:81)
    at moduleResolve (node:internal/modules/esm/resolve:859:18)
    at defaultResolve (node:internal/modules/esm/resolve:992:11)
    at #cachedDefaultResolve (node:internal/modules/esm/loader:691:20)
    at #resolveAndMaybeBlockOnLoaderThread (node:internal/modules/esm/loader:708:38)
    at nextStep (node:internal/modules/customization_hooks:189:26)
    at resolveBaseSync (file:///C:/Users/Muskan%20Sharma/OneDrive%20-%20E-SOLUTIONS%20IT%20SERVICES%20PRIVATE%20LIMITED/Desktop/Outreach_Campaign/backend/node_modules/tsx/dist/register-CqMfTiWi.mjs:2:8745)
    at resolveDirectorySync (file:///C:/Users/Muskan%20Sharma/OneDrive%20-%20E-SOLUTIONS%20IT%20SERVICES%20PRIVATE%20LIMITED/Desktop/Outreach_Campaign/backend/node_modules/tsx/dist/register-CqMfTiWi.mjs:2:9958)
    at resolveTsPathsSync (file:///C:/Users/Muskan%20Sharma/OneDrive%20-%20E-SOLUTIONS%20IT%20SERVICES%20PRIVATE%20LIMITED/Desktop/Outreach_Campaign/backend/node_modules/tsx/dist/register-CqMfTiWi.mjs:2:11190) {
  code: 'ERR_MODULE_NOT_FOUND'
}

Node.js v24.16.0
C:\Users\Muskan Sharma\OneDrive - E-SOLUTIONS IT SERVICES PRIVATE LIMITED\Desktop\Outreach_Campaign\backend\src\routes\campaigns.ts:9
  workerCategories,
  ^
SyntaxError: The requested module '../../../shared/campaign.js' does not provide an export named 'workerCategories'
    at #asyncInstantiate (node:internal/modules/esm/module_job:327:21)
    at async ModuleJob.run (node:internal/modules/esm/module_job:431:5)
    at async node:internal/modules/esm/loader:633:26
    at async asyncRunEntryPointWithESMLoader (node:internal/modules/run_main:101:5)

Node.js v24.16.0
processImmediate (node:internal/timers:504:21)',
  hint: '',
  code: ''
}
API error: {
  message: 'TypeError: fetch failed',
  details: 'TypeError: fetch failed\n' +
    '\n' +
    'Caused by: ConnectTimeoutError: Connect Timeout Error (attempted addresses: 104.18.38.10:443, 172.64.149.246:443, timeout: 10000ms) (UND_ERR_CONNECT_TIMEOUT)\n' +
    'ConnectTimeoutError: Connect Timeout Error (attempted addresses: 104.18.38.10:443, 172.64.149.246:443, timeout: 10000ms)\n' +
    '    at onConnectTimeout (node:internal/deps/undici/undici:1991:23)\n' +
    '    at Immediate._onImmediate (node:internal/deps/undici/undici:1957:35)\n' +
    '    at process.processImmediate (node:internal/timers:504:21)',
  hint: '',
  code: ''
}
API error: {
  message: 'TypeError: fetch failed',
  details: 'TypeError: fetch failed\n' +
    '\n' +
    'Caused by: Error: getaddrinfo ENOTFOUND ifhcdijkpyipytaivkrr.supabase.co (ENOTFOUND)\n' +
    'Error: getaddrinfo ENOTFOUND ifhcdijkpyipytaivkrr.supabase.co\n' +
    '    at GetAddrInfoReqWrap.onlookupall [as oncomplete] (node:dns:122:26)',
  hint: '',
  code: ''
}
C:\Users\Muskan Sharma\OneDrive - E-SOLUTIONS IT SERVICES PRIVATE LIMITED\Desktop\Outreach_Campaign\backend\src\routes\campaigns.ts:9
  workerCategories,
  ^
SyntaxError: The requested module '../../../shared/campaign.js' does not provide an export named 'workerCategories'
    at #asyncInstantiate (node:internal/modules/esm/module_job:327:21)
    at async ModuleJob.run (node:internal/modules/esm/module_job:431:5)
    at async node:internal/modules/esm/loader:633:26
    at async asyncRunEntryPointWithESMLoader (node:internal/modules/run_main:101:5)

Node.js v24.16.0
^Crovide an export named 'workerCategories'
    at #asyncInstantiate (node:internal/modules/esm/module_job:327:21)
    at async ModuleJob.run (node:internal/modules/esm/module_job:431:5)
    at async node:internal/modules/esm/loader:633:26
    at async asyncRunEntryPointWithESMLoader (node:internal/modules/run_main:101:5)

Node.js v24.16.0
   at packageResolve (node:internal/modules/esm/resolve:768:81)
    at moduleResolve (node:internal/modules/esm/resolve:859:18)
    at defaultResolve (node:internal/modules/esm/resolve:992:11)
    at #cachedDefaultResolve (node:internal/modules/esm/loader:691:20)
    at #resolveAndMaybeBlockOnLoaderThread (node:internal/modules/esm/loader:708:38)
    at nextStep (node:internal/modules/customization_hooks:189:26)
    at resolveBaseSync (file:///C:/Users/Muskan%20Sharma/OneDrive%20-%20E-SOLUTIONS%20IT%20SERVICES%20PRIVATE%20LIMITED/Desktop/Outreach_Campaign/backend/node_modules/tsx/dist/register-CqMfTiWi.mjs:2:8745)
    at resolveDirectorySync (file:///C:/Users/Muskan%20Sharma/OneDrive%20-%20E-SOLUTIONS%20IT%20SERVICES%20PRIVATE%20LIMITED/Desktop/Outreach_Campaign/backend/node_modules/tsx/dist/register-CqMfTiWi.mjs:2:9958)
    at resolveTsPathsSync (file:///C:/Users/Muskan%20Sharma/OneDrive%20-%20E-SOLUTIONS%20IT%20SERVICES%20PRIVATE%20LIMITED/Desktop/Outreach_Campaign/backend/node_modules/tsx/dist/register-CqMfTiWi.mjs:2:11190) {
  code: 'ERR_MODULE_NOT_FOUND'
}

Node.js v24.16.0
node:internal/modules/package_json_reader:301
  throw new ERR_MODULE_NOT_FOUND(packageName, fileURLToPath(base), null);
        ^

Error [ERR_MODULE_NOT_FOUND]: Cannot find package '@aws-sdk/client-bedrock-runtime' imported from C:\Users\Muskan Sharma\OneDrive - E-SOLUTIONS IT SERVICES PRIVATE LIMITED\Desktop\Outreach_Campaign\backend\src\lib\bedrock.ts
    at Object.getPackageJSONURL (node:internal/modules/package_json_reader:301:9)
    at packageResolve (node:internal/modules/esm/resolve:768:81)
    at moduleResolve (node:internal/modules/esm/resolve:859:18)
    at defaultResolve (node:internal/modules/esm/resolve:992:11)
    at #cachedDefaultResolve (node:internal/modules/esm/loader:691:20)
    at #resolveAndMaybeBlockOnLoaderThread (node:internal/modules/esm/loader:708:38)
    at nextStep (node:internal/modules/customization_hooks:189:26)
    at resolveBaseSync (file:///C:/Users/Muskan%20Sharma/OneDrive%20-%20E-SOLUTIONS%20IT%20SERVICES%20PRIVATE%20LIMITED/Desktop/Outreach_Campaign/backend/node_modules/tsx/dist/register-CqMfTiWi.mjs:2:8745)
    at resolveDirectorySync (file:///C:/Users/Muskan%20Sharma/OneDrive%20-%20E-SOLUTIONS%20IT%20SERVICES%20PRIVATE%20LIMITED/Desktop/Outreach_Campaign/backend/node_modules/tsx/dist/register-CqMfTiWi.mjs:2:9958)
    at resolveTsPathsSync (file:///C:/Users/Muskan%20Sharma/OneDrive%20-%20E-SOLUTIONS%20IT%20SERVICES%20PRIVATE%20LIMITED/Desktop/Outreach_Campaign/backend/node_modules/tsx/dist/register-CqMfTiWi.mjs:2:11190) {
  code: 'ERR_MODULE_NOT_FOUND'
}

Node.js v24.16.0
API error: {
  code: '42703',
  details: null,
  hint: null,
  message: 'column campaigns.application_form_id does not exist'
}
API error: {
  code: '42703',
  details: null,
  hint: null,
  message: 'column campaigns.application_form_id does not exist'
}
API error: {
  code: '42703',
  details: null,
  hint: null,
  message: 'column campaigns.application_form_id does not exist'
}
API error: {
  code: '42703',
  details: null,
  hint: null,
  message: 'column campaigns.application_form_id does not exist'
}
API error: {
  code: '42703',
  details: null,
  hint: null,
  message: 'column campaigns.application_form_id does not exist'
}
API error: {
  code: '42703',
  details: null,
  hint: null,
  message: 'column campaigns.application_form_id does not exist'
}
API error: {
  code: '42703',
  details: null,
  hint: null,
  message: 'column campaigns.application_form_id does not exist'
}
API error: {
  message: 'TypeError: fetch failed',
  details: 'TypeError: fetch failed\n' +
    '\n' +
    'Caused by: Error: getaddrinfo ENOTFOUND ifhcdijkpyipytaivkrr.supabase.co (ENOTFOUND)\n' +
    'Error: getaddrinfo ENOTFOUND ifhcdijkpyipytaivkrr.supabase.co\n' +
    '    at GetAddrInfoReqWrap.onlookupall [as oncomplete] (node:dns:122:26)',
  hint: '',
  code: ''
}
API error: {
  message: 'TypeError: fetch failed',
  details: 'TypeError: fetch failed\n' +
    '\n' +
    'Caused by: Error: getaddrinfo ENOTFOUND ifhcdijkpyipytaivkrr.supabase.co (ENOTFOUND)\n' +
    'Error: getaddrinfo ENOTFOUND ifhcdijkpyipytaivkrr.supabase.co\n' +
    '    at GetAddrInfoReqWrap.onlookupall [as oncomplete] (node:dns:122:26)',
  hint: '',
  code: ''
}
API error: {
  message: 'TypeError: fetch failed',
  details: 'TypeError: fetch failed\n' +
    '\n' +
    'Caused by: Error: getaddrinfo ENOTFOUND ifhcdijkpyipytaivkrr.supabase.co (ENOTFOUND)\n' +
    'Error: getaddrinfo ENOTFOUND ifhcdijkpyipytaivkrr.supabase.co\n' +
    '    at GetAddrInfoReqWrap.onlookupall [as oncomplete] (node:dns:122:26)',
  hint: '',
  code: ''
}
API error: {
  message: 'TypeError: fetch failed',
  details: 'TypeError: fetch failed\n' +
    '\n' +
    'Caused by: Error: getaddrinfo ENOTFOUND ifhcdijkpyipytaivkrr.supabase.co (ENOTFOUND)\n' +
    'Error: getaddrinfo ENOTFOUND ifhcdijkpyipytaivkrr.supabase.co\n' +
    '    at GetAddrInfoReqWrap.onlookupall [as oncomplete] (node:dns:122:26)',
  hint: '',
  code: ''
}
API error: {
  message: 'TypeError: fetch failed',
  details: 'TypeError: fetch failed\n' +
    '\n' +
    'Caused by: Error: getaddrinfo ENOTFOUND ifhcdijkpyipytaivkrr.supabase.co (ENOTFOUND)\n' +
    'Error: getaddrinfo ENOTFOUND ifhcdijkpyipytaivkrr.supabase.co\n' +
    '    at GetAddrInfoReqWrap.onlookupall [as oncomplete] (node:dns:122:26)',
  hint: '',
  code: ''
}
API error: {
  code: '22P02',
  details: null,
  hint: null,
  message: 'invalid input value for enum worker_category: "Delivery Gig Worker"'
}
API error: {
  code: '22P02',
  details: null,
  hint: null,
  message: 'invalid input value for enum worker_category: "Delivery Gig Worker"'
}
API error: {
  code: '42703',
  details: null,
  hint: null,
  message: 'column form_fields.placeholder does not exist'
}
C:\Users\Muskan Sharma\OneDrive - E-SOLUTIONS IT SERVICES PRIVATE LIMITED\Desktop\Outreach_Campaign\backend\src\routes\campaigns.ts:9
  workerCategories,
  ^
SyntaxError: The requested module '../../../shared/campaign.js' does not provide an export named 'workerCategories'
    at #asyncInstantiate (node:internal/modules/esm/module_job:327:21)
    at async ModuleJob.run (node:internal/modules/esm/module_job:431:5)
    at async node:internal/modules/esm/loader:633:26
    at async asyncRunEntryPointWithESMLoader (node:internal/modules/run_main:101:5)

Node.js v24.16.0
RIVATE LIMITED\Desktop\Outreach_Campaign\backend\node_modules\router\index.js:435:11)
    at Layer.handleRequest (C:\Users\Muskan Sharma\OneDrive - E-SOLUTIONS IT SERVICES PRIVATE LIMITED\Desktop\Outreach_Campaign\backend\node_modules\router\lib\layer.js:152:17)
    at C:\Users\Muskan Sharma\OneDrive - E-SOLUTIONS IT SERVICES PRIVATE LIMITED\Desktop\Outreach_Campaign\backend\node_modules\router\index.js:295:15
    at processParams (C:\Users\Muskan Sharma\OneDrive - E-SOLUTIONS IT SERVICES PRIVATE LIMITED\Desktop\Outreach_Campaign\backend\node_modules\router\index.js:582:12)
    at next (C:\Users\Muskan Sharma\OneDrive - E-SOLUTIONS IT SERVICES PRIVATE LIMITED\Desktop\Outreach_Campaign\backend\node_modules\router\index.js:291:5)
    at router.handle (C:\Users\Muskan Sharma\OneDrive - E-SOLUTIONS IT SERVICES PRIVATE LIMITED\Desktop\Outreach_Campaign\backend\node_modules\router\index.js:186:3)
API error: ZodError: [
  {
    "code": "invalid_value",
    "values": [
      "remote",
      "hybrid",
      "onsite"
    ],
    "path": [
      "mode"
    ],
    "message": "Invalid option: expected one of \"remote\"|\"hybrid\"|\"onsite\""
  }
]
    at <anonymous> (C:\Users\Muskan Sharma\OneDrive - E-SOLUTIONS IT SERVICES PRIVATE LIMITED\Desktop\Outreach_Campaign\backend\src\routes\campaigns.ts:146:43)
    at Layer.handleRequest (C:\Users\Muskan Sharma\OneDrive - E-SOLUTIONS IT SERVICES PRIVATE LIMITED\Desktop\Outreach_Campaign\backend\node_modules\router\lib\layer.js:152:17)
    at next (C:\Users\Muskan Sharma\OneDrive - E-SOLUTIONS IT SERVICES PRIVATE LIMITED\Desktop\Outreach_Campaign\backend\node_modules\router\lib\route.js:157:13)
    at Route.dispatch (C:\Users\Muskan Sharma\OneDrive - E-SOLUTIONS IT SERVICES PRIVATE LIMITED\Desktop\Outreach_Campaign\backend\node_modules\router\lib\route.js:117:3)
    at handle (C:\Users\Muskan Sharma\OneDrive - E-SOLUTIONS IT SERVICES PRIVATE LIMITED\Desktop\Outreach_Campaign\backend\node_modules\router\index.js:435:11)
    at Layer.handleRequest (C:\Users\Muskan Sharma\OneDrive - E-SOLUTIONS IT SERVICES PRIVATE LIMITED\Desktop\Outreach_Campaign\backend\node_modules\router\lib\layer.js:152:17)
    at C:\Users\Muskan Sharma\OneDrive - E-SOLUTIONS IT SERVICES PRIVATE LIMITED\Desktop\Outreach_Campaign\backend\node_modules\router\index.js:295:15
    at processParams (C:\Users\Muskan Sharma\OneDrive - E-SOLUTIONS IT SERVICES PRIVATE LIMITED\Desktop\Outreach_Campaign\backend\node_modules\router\index.js:582:12)
    at next (C:\Users\Muskan Sharma\OneDrive - E-SOLUTIONS IT SERVICES PRIVATE LIMITED\Desktop\Outreach_Campaign\backend\node_modules\router\index.js:291:5)
    at router.handle (C:\Users\Muskan Sharma\OneDrive - E-SOLUTIONS IT SERVICES PRIVATE LIMITED\Desktop\Outreach_Campaign\backend\node_modules\router\index.js:186:3)
API error: ZodError: [
  {
    "code": "invalid_value",
    "values": [
      "remote",
      "hybrid",
      "onsite"
    ],
    "path": [
      "mode"
    ],
    "message": "Invalid option: expected one of \"remote\"|\"hybrid\"|\"onsite\""
  }
]
    at <anonymous> (C:\Users\Muskan Sharma\OneDrive - E-SOLUTIONS IT SERVICES PRIVATE LIMITED\Desktop\Outreach_Campaign\backend\src\routes\campaigns.ts:146:43)
    at Layer.handleRequest (C:\Users\Muskan Sharma\OneDrive - E-SOLUTIONS IT SERVICES PRIVATE LIMITED\Desktop\Outreach_Campaign\backend\node_modules\router\lib\layer.js:152:17)
    at next (C:\Users\Muskan Sharma\OneDrive - E-SOLUTIONS IT SERVICES PRIVATE LIMITED\Desktop\Outreach_Campaign\backend\node_modules\router\lib\route.js:157:13)
    at Route.dispatch (C:\Users\Muskan Sharma\OneDrive - E-SOLUTIONS IT SERVICES PRIVATE LIMITED\Desktop\Outreach_Campaign\backend\node_modules\router\lib\route.js:117:3)
    at handle (C:\Users\Muskan Sharma\OneDrive - E-SOLUTIONS IT SERVICES PRIVATE LIMITED\Desktop\Outreach_Campaign\backend\node_modules\router\index.js:435:11)
    at Layer.handleRequest (C:\Users\Muskan Sharma\OneDrive - E-SOLUTIONS IT SERVICES PRIVATE LIMITED\Desktop\Outreach_Campaign\backend\node_modules\router\lib\layer.js:152:17)
    at C:\Users\Muskan Sharma\OneDrive - E-SOLUTIONS IT SERVICES PRIVATE LIMITED\Desktop\Outreach_Campaign\backend\node_modules\router\index.js:295:15
    at processParams (C:\Users\Muskan Sharma\OneDrive - E-SOLUTIONS IT SERVICES PRIVATE LIMITED\Desktop\Outreach_Campaign\backend\node_modules\router\index.js:582:12)
    at next (C:\Users\Muskan Sharma\OneDrive - E-SOLUTIONS IT SERVICES PRIVATE LIMITED\Desktop\Outreach_Campaign\backend\node_modules\router\index.js:291:5)
    at router.handle (C:\Users\Muskan Sharma\OneDrive - E-SOLUTIONS IT SERVICES PRIVATE LIMITED\Desktop\Outreach_Campaign\backend\node_modules\router\index.js:186:3)
API error: ZodError: [
  {
    "code": "invalid_value",
    "values": [
      "remote",
      "hybrid",
      "onsite"
    ],
    "path": [
      "mode"
    ],
    "message": "Invalid option: expected one of \"remote\"|\"hybrid\"|\"onsite\""
  }
]
    at <anonymous> (C:\Users\Muskan Sharma\OneDrive - E-SOLUTIONS IT SERVICES PRIVATE LIMITED\Desktop\Outreach_Campaign\backend\src\routes\campaigns.ts:146:43)
    at Layer.handleRequest (C:\Users\Muskan Sharma\OneDrive - E-SOLUTIONS IT SERVICES PRIVATE LIMITED\Desktop\Outreach_Campaign\backend\node_modules\router\lib\layer.js:152:17)
    at next (C:\Users\Muskan Sharma\OneDrive - E-SOLUTIONS IT SERVICES PRIVATE LIMITED\Desktop\Outreach_Campaign\backend\node_modules\router\lib\route.js:157:13)
    at Route.dispatch (C:\Users\Muskan Sharma\OneDrive - E-SOLUTIONS IT SERVICES PRIVATE LIMITED\Desktop\Outreach_Campaign\backend\node_modules\router\lib\route.js:117:3)
    at handle (C:\Users\Muskan Sharma\OneDrive - E-SOLUTIONS IT SERVICES PRIVATE LIMITED\Desktop\Outreach_Campaign\backend\node_modules\router\index.js:435:11)
    at Layer.handleRequest (C:\Users\Muskan Sharma\OneDrive - E-SOLUTIONS IT SERVICES PRIVATE LIMITED\Desktop\Outreach_Campaign\backend\node_modules\router\lib\layer.js:152:17)
    at C:\Users\Muskan Sharma\OneDrive - E-SOLUTIONS IT SERVICES PRIVATE LIMITED\Desktop\Outreach_Campaign\backend\node_modules\router\index.js:295:15
    at processParams (C:\Users\Muskan Sharma\OneDrive - E-SOLUTIONS IT SERVICES PRIVATE LIMITED\Desktop\Outreach_Campaign\backend\node_modules\router\index.js:582:12)
    at next (C:\Users\Muskan Sharma\OneDrive - E-SOLUTIONS IT SERVICES PRIVATE LIMITED\Desktop\Outreach_Campaign\backend\node_modules\router\index.js:291:5)
    at router.handle (C:\Users\Muskan Sharma\OneDrive - E-SOLUTIONS IT SERVICES PRIVATE LIMITED\Desktop\Outreach_Campaign\backend\node_modules\router\index.js:186:3)
API error: ZodError: [
  {
    "code": "invalid_value",
    "values": [
      "remote",
      "hybrid",
      "onsite"
    ],
    "path": [
      "mode"
    ],
    "message": "Invalid option: expected one of \"remote\"|\"hybrid\"|\"onsite\""
  }
]
    at <anonymous> (C:\Users\Muskan Sharma\OneDrive - E-SOLUTIONS IT SERVICES PRIVATE LIMITED\Desktop\Outreach_Campaign\backend\src\routes\campaigns.ts:146:43)
    at Layer.handleRequest (C:\Users\Muskan Sharma\OneDrive - E-SOLUTIONS IT SERVICES PRIVATE LIMITED\Desktop\Outreach_Campaign\backend\node_modules\router\lib\layer.js:152:17)
    at next (C:\Users\Muskan Sharma\OneDrive - E-SOLUTIONS IT SERVICES PRIVATE LIMITED\Desktop\Outreach_Campaign\backend\node_modules\router\lib\route.js:157:13)
    at Route.dispatch (C:\Users\Muskan Sharma\OneDrive - E-SOLUTIONS IT SERVICES PRIVATE LIMITED\Desktop\Outreach_Campaign\backend\node_modules\router\lib\route.js:117:3)
    at handle (C:\Users\Muskan Sharma\OneDrive - E-SOLUTIONS IT SERVICES PRIVATE LIMITED\Desktop\Outreach_Campaign\backend\node_modules\router\index.js:435:11)
    at Layer.handleRequest (C:\Users\Muskan Sharma\OneDrive - E-SOLUTIONS IT SERVICES PRIVATE LIMITED\Desktop\Outreach_Campaign\backend\node_modules\router\lib\layer.js:152:17)
    at C:\Users\Muskan Sharma\OneDrive - E-SOLUTIONS IT SERVICES PRIVATE LIMITED\Desktop\Outreach_Campaign\backend\node_modules\router\index.js:295:15
    at processParams (C:\Users\Muskan Sharma\OneDrive - E-SOLUTIONS IT SERVICES PRIVATE LIMITED\Desktop\Outreach_Campaign\backend\node_modules\router\index.js:582:12)
    at next (C:\Users\Muskan Sharma\OneDrive - E-SOLUTIONS IT SERVICES PRIVATE LIMITED\Desktop\Outreach_Campaign\backend\node_modules\router\index.js:291:5)
    at router.handle (C:\Users\Muskan Sharma\OneDrive - E-SOLUTIONS IT SERVICES PRIVATE LIMITED\Desktop\Outreach_Campaign\backend\node_modules\router\index.js:186:3)
API error: ZodError: [
  {
    "code": "invalid_value",
    "values": [
      "remote",
      "hybrid",
      "onsite"
    ],
    "path": [
      "mode"
    ],
    "message": "Invalid option: expected one of \"remote\"|\"hybrid\"|\"onsite\""
  }
]
    at <anonymous> (C:\Users\Muskan Sharma\OneDrive - E-SOLUTIONS IT SERVICES PRIVATE LIMITED\Desktop\Outreach_Campaign\backend\src\routes\campaigns.ts:146:43)
    at Layer.handleRequest (C:\Users\Muskan Sharma\OneDrive - E-SOLUTIONS IT SERVICES PRIVATE LIMITED\Desktop\Outreach_Campaign\backend\node_modules\router\lib\layer.js:152:17)
    at next (C:\Users\Muskan Sharma\OneDrive - E-SOLUTIONS IT SERVICES PRIVATE LIMITED\Desktop\Outreach_Campaign\backend\node_modules\router\lib\route.js:157:13)
    at Route.dispatch (C:\Users\Muskan Sharma\OneDrive - E-SOLUTIONS IT SERVICES PRIVATE LIMITED\Desktop\Outreach_Campaign\backend\node_modules\router\lib\route.js:117:3)
    at handle (C:\Users\Muskan Sharma\OneDrive - E-SOLUTIONS IT SERVICES PRIVATE LIMITED\Desktop\Outreach_Campaign\backend\node_modules\router\index.js:435:11)
    at Layer.handleRequest (C:\Users\Muskan Sharma\OneDrive - E-SOLUTIONS IT SERVICES PRIVATE LIMITED\Desktop\Outreach_Campaign\backend\node_modules\router\lib\layer.js:152:17)
    at C:\Users\Muskan Sharma\OneDrive - E-SOLUTIONS IT SERVICES PRIVATE LIMITED\Desktop\Outreach_Campaign\backend\node_modules\router\index.js:295:15
    at processParams (C:\Users\Muskan Sharma\OneDrive - E-SOLUTIONS IT SERVICES PRIVATE LIMITED\Desktop\Outreach_Campaign\backend\node_modules\router\index.js:582:12)
    at next (C:\Users\Muskan Sharma\OneDrive - E-SOLUTIONS IT SERVICES PRIVATE LIMITED\Desktop\Outreach_Campaign\backend\node_modules\router\index.js:291:5)
    at router.handle (C:\Users\Muskan Sharma\OneDrive - E-SOLUTIONS IT SERVICES PRIVATE LIMITED\Desktop\Outreach_Campaign\backend\node_modules\router\index.js:186:3)
API error: ZodError: [
  {
    "code": "invalid_value",
    "values": [
      "remote",
      "hybrid",
      "onsite"
    ],
    "path": [
      "mode"
    ],
    "message": "Invalid option: expected one of \"remote\"|\"hybrid\"|\"onsite\""
  }
]
    at <anonymous> (C:\Users\Muskan Sharma\OneDrive - E-SOLUTIONS IT SERVICES PRIVATE LIMITED\Desktop\Outreach_Campaign\backend\src\routes\campaigns.ts:146:43)
    at Layer.handleRequest (C:\Users\Muskan Sharma\OneDrive - E-SOLUTIONS IT SERVICES PRIVATE LIMITED\Desktop\Outreach_Campaign\backend\node_modules\router\lib\layer.js:152:17)
    at next (C:\Users\Muskan Sharma\OneDrive - E-SOLUTIONS IT SERVICES PRIVATE LIMITED\Desktop\Outreach_Campaign\backend\node_modules\router\lib\route.js:157:13)
    at Route.dispatch (C:\Users\Muskan Sharma\OneDrive - E-SOLUTIONS IT SERVICES PRIVATE LIMITED\Desktop\Outreach_Campaign\backend\node_modules\router\lib\route.js:117:3)
    at handle (C:\Users\Muskan Sharma\OneDrive - E-SOLUTIONS IT SERVICES PRIVATE LIMITED\Desktop\Outreach_Campaign\backend\node_modules\router\index.js:435:11)
    at Layer.handleRequest (C:\Users\Muskan Sharma\OneDrive - E-SOLUTIONS IT SERVICES PRIVATE LIMITED\Desktop\Outreach_Campaign\backend\node_modules\router\lib\layer.js:152:17)
    at C:\Users\Muskan Sharma\OneDrive - E-SOLUTIONS IT SERVICES PRIVATE LIMITED\Desktop\Outreach_Campaign\backend\node_modules\router\index.js:295:15
    at processParams (C:\Users\Muskan Sharma\OneDrive - E-SOLUTIONS IT SERVICES PRIVATE LIMITED\Desktop\Outreach_Campaign\backend\node_modules\router\index.js:582:12)
    at next (C:\Users\Muskan Sharma\OneDrive - E-SOLUTIONS IT SERVICES PRIVATE LIMITED\Desktop\Outreach_Campaign\backend\node_modules\router\index.js:291:5)
    at router.handle (C:\Users\Muskan Sharma\OneDrive - E-SOLUTIONS IT SERVICES PRIVATE LIMITED\Desktop\Outreach_Campaign\backend\node_modules\router\index.js:186:3)
API error: ZodError: [
  {
    "code": "invalid_value",
    "values": [
      "remote",
      "hybrid",
      "onsite"
    ],
    "path": [
      "mode"
    ],
    "message": "Invalid option: expected one of \"remote\"|\"hybrid\"|\"onsite\""
  }
]
    at <anonymous> (C:\Users\Muskan Sharma\OneDrive - E-SOLUTIONS IT SERVICES PRIVATE LIMITED\Desktop\Outreach_Campaign\backend\src\routes\campaigns.ts:146:43)
    at Layer.handleRequest (C:\Users\Muskan Sharma\OneDrive - E-SOLUTIONS IT SERVICES PRIVATE LIMITED\Desktop\Outreach_Campaign\backend\node_modules\router\lib\layer.js:152:17)
    at next (C:\Users\Muskan Sharma\OneDrive - E-SOLUTIONS IT SERVICES PRIVATE LIMITED\Desktop\Outreach_Campaign\backend\node_modules\router\lib\route.js:157:13)
    at Route.dispatch (C:\Users\Muskan Sharma\OneDrive - E-SOLUTIONS IT SERVICES PRIVATE LIMITED\Desktop\Outreach_Campaign\backend\node_modules\router\lib\route.js:117:3)
    at handle (C:\Users\Muskan Sharma\OneDrive - E-SOLUTIONS IT SERVICES PRIVATE LIMITED\Desktop\Outreach_Campaign\backend\node_modules\router\index.js:435:11)
    at Layer.handleRequest (C:\Users\Muskan Sharma\OneDrive - E-SOLUTIONS IT SERVICES PRIVATE LIMITED\Desktop\Outreach_Campaign\backend\node_modules\router\lib\layer.js:152:17)
    at C:\Users\Muskan Sharma\OneDrive - E-SOLUTIONS IT SERVICES PRIVATE LIMITED\Desktop\Outreach_Campaign\backend\node_modules\router\index.js:295:15
    at processParams (C:\Users\Muskan Sharma\OneDrive - E-SOLUTIONS IT SERVICES PRIVATE LIMITED\Desktop\Outreach_Campaign\backend\node_modules\router\index.js:582:12)
    at next (C:\Users\Muskan Sharma\OneDrive - E-SOLUTIONS IT SERVICES PRIVATE LIMITED\Desktop\Outreach_Campaign\backend\node_modules\router\index.js:291:5)
    at router.handle (C:\Users\Muskan Sharma\OneDrive - E-SOLUTIONS IT SERVICES PRIVATE LIMITED\Desktop\Outreach_Campaign\backend\node_modules\router\index.js:186:3)
API error: {
  code: '42703',
  details: null,
  hint: null,
  message: 'column outreach_templates.template_name does not exist'
}
API error: {
  code: '42703',
  details: null,
  hint: null,
  message: 'column outreach_templates.template_name does not exist'
}
node:internal/modules/esm/resolve:271
    throw new ERR_MODULE_NOT_FOUND(
          ^

Error [ERR_MODULE_NOT_FOUND]: Cannot find module 'C:\Users\Muskan Sharma\OneDrive - E-SOLUTIONS IT SERVICES PRIVATE LIMITED\Desktop\Outreach_Campaign\backend\src\routes\templates.js' imported from C:\Users\Muskan Sharma\OneDrive - E-SOLUTIONS IT SERVICES PRIVATE LIMITED\Desktop\Outreach_Campaign\backend\src\index.ts
    at finalizeResolution (node:internal/modules/esm/resolve:271:11)
    at moduleResolve (node:internal/modules/esm/resolve:865:10)
    at defaultResolve (node:internal/modules/esm/resolve:992:11)
    at #cachedDefaultResolve (node:internal/modules/esm/loader:691:20)
    at #resolveAndMaybeBlockOnLoaderThread (node:internal/modules/esm/loader:708:38)
    at nextStep (node:internal/modules/customization_hooks:189:26)
    at resolveBaseSync (file:///C:/Users/Muskan%20Sharma/OneDrive%20-%20E-SOLUTIONS%20IT%20SERVICES%20PRIVATE%20LIMITED/Desktop/Outreach_Campaign/backend/node_modules/tsx/dist/register-CqMfTiWi.mjs:2:8745)
    at resolveDirectorySync (file:///C:/Users/Muskan%20Sharma/OneDrive%20-%20E-SOLUTIONS%20IT%20SERVICES%20PRIVATE%20LIMITED/Desktop/Outreach_Campaign/backend/node_modules/tsx/dist/register-CqMfTiWi.mjs:2:9958)
    at resolveTsPathsSync (file:///C:/Users/Muskan%20Sharma/OneDrive%20-%20E-SOLUTIONS%20IT%20SERVICES%20PRIVATE%20LIMITED/Desktop/Outreach_Campaign/backend/node_modules/tsx/dist/register-CqMfTiWi.mjs:2:11190)
    at resolve2 (file:///C:/Users/Muskan%20Sharma/OneDrive%20-%20E-SOLUTIONS%20IT%20SERVICES%20PRIVATE%20LIMITED/Desktop/Outreach_Campaign/backend/node_modules/tsx/dist/register-CqMfTiWi.mjs:2:12977) {
  code: 'ERR_MODULE_NOT_FOUND',
  url: 'file:///C:/Users/Muskan%20Sharma/OneDrive%20-%20E-SOLUTIONS%20IT%20SERVICES%20PRIVATE%20LIMITED/Desktop/Outreach_Campaign/backend/src/routes/templates.js'
}

Node.js v24.16.0
API error: {
  message: 'TypeError: fetch failed',
  details: 'TypeError: fetch failed\n' +
    '\n' +
    'Caused by: Error: getaddrinfo ENOTFOUND ifhcdijkpyipytaivkrr.supabase.co (ENOTFOUND)\n' +
    'Error: getaddrinfo ENOTFOUND ifhcdijkpyipytaivkrr.supabase.co\n' +
    '    at GetAddrInfoReqWrap.onlookupall [as oncomplete] (node:dns:122:26)',
  hint: '',
  code: ''
}
node:internal/modules/package_json_reader:301
  throw new ERR_MODULE_NOT_FOUND(packageName, fileURLToPath(base), null);
        ^

Error [ERR_MODULE_NOT_FOUND]: Cannot find package '@aws-sdk/client-bedrock-runtime' imported from C:\Users\Muskan Sharma\OneDrive - E-SOLUTIONS IT SERVICES PRIVATE LIMITED\Desktop\Outreach_Campaign\backend\src\lib\bedrock.ts
    at Object.getPackageJSONURL (node:internal/modules/package_json_reader:301:9)
    at packageResolve (node:internal/modules/esm/resolve:768:81)
    at moduleResolve (node:internal/modules/esm/resolve:859:18)
    at defaultResolve (node:internal/modules/esm/resolve:992:11)
    at #cachedDefaultResolve (node:internal/modules/esm/loader:691:20)
    at #resolveAndMaybeBlockOnLoaderThread (node:internal/modules/esm/loader:708:38)
    at nextStep (node:internal/modules/customization_hooks:189:26)
    at resolveBaseSync (file:///C:/Users/Muskan%20Sharma/OneDrive%20-%20E-SOLUTIONS%20IT%20SERVICES%20PRIVATE%20LIMITED/Desktop/Outreach_Campaign/backend/node_modules/tsx/dist/register-CqMfTiWi.mjs:2:8745)
    at resolveDirectorySync (file:///C:/Users/Muskan%20Sharma/OneDrive%20-%20E-SOLUTIONS%20IT%20SERVICES%20PRIVATE%20LIMITED/Desktop/Outreach_Campaign/backend/node_modules/tsx/dist/register-CqMfTiWi.mjs:2:9958)
    at resolveTsPathsSync (file:///C:/Users/Muskan%20Sharma/OneDrive%20-%20E-SOLUTIONS%20IT%20SERVICES%20PRIVATE%20LIMITED/Desktop/Outreach_Campaign/backend/node_modules/tsx/dist/register-CqMfTiWi.mjs:2:11190) {
  code: 'ERR_MODULE_NOT_FOUND'
}

Node.js v24.16.0
node:internal/modules/package_json_reader:301
  throw new ERR_MODULE_NOT_FOUND(packageName, fileURLToPath(base), null);
        ^

Error [ERR_MODULE_NOT_FOUND]: Cannot find package '@aws-sdk/client-bedrock-runtime' imported from C:\Users\Muskan Sharma\OneDrive - E-SOLUTIONS IT SERVICES PRIVATE LIMITED\Desktop\Outreach_Campaign\backend\src\lib\bedrock.ts
    at Object.getPackageJSONURL (node:internal/modules/package_json_reader:301:9)
    at packageResolve (node:internal/modules/esm/resolve:768:81)
    at moduleResolve (node:internal/modules/esm/resolve:859:18)
    at defaultResolve (node:internal/modules/esm/resolve:992:11)
    at #cachedDefaultResolve (node:internal/modules/esm/loader:691:20)
    at #resolveAndMaybeBlockOnLoaderThread (node:internal/modules/esm/loader:708:38)
    at nextStep (node:internal/modules/customization_hooks:189:26)
    at resolveBaseSync (file:///C:/Users/Muskan%20Sharma/OneDrive%20-%20E-SOLUTIONS%20IT%20SERVICES%20PRIVATE%20LIMITED/Desktop/Outreach_Campaign/backend/node_modules/tsx/dist/register-CqMfTiWi.mjs:2:8745)
    at resolveDirectorySync (file:///C:/Users/Muskan%20Sharma/OneDrive%20-%20E-SOLUTIONS%20IT%20SERVICES%20PRIVATE%20LIMITED/Desktop/Outreach_Campaign/backend/node_modules/tsx/dist/register-CqMfTiWi.mjs:2:9958)
    at resolveTsPathsSync (file:///C:/Users/Muskan%20Sharma/OneDrive%20-%20E-SOLUTIONS%20IT%20SERVICES%20PRIVATE%20LIMITED/Desktop/Outreach_Campaign/backend/node_modules/tsx/dist/register-CqMfTiWi.mjs:2:11190) {
  code: 'ERR_MODULE_NOT_FOUND'
}

Node.js v24.16.0
C:\Users\Muskan Sharma\OneDrive - E-SOLUTIONS IT SERVICES PRIVATE LIMITED\Desktop\Outreach_Campaign\backend\src\routes\campaigns.ts:9
  workerCategories,
  ^
SyntaxError: The requested module '../../../shared/campaign.js' does not provide an export named 'workerCategories'
    at #asyncInstantiate (node:internal/modules/esm/module_job:327:21)
    at async ModuleJob.run (node:internal/modules/esm/module_job:431:5)
    at async node:internal/modules/esm/loader:633:26
    at async asyncRunEntryPointWithESMLoader (node:internal/modules/run_main:101:5)

Node.js v24.16.0
[TypeError: fetch failed] {
  [cause]: Error: read ECONNRESET
      at TLSWrap.onStreamRead (node:internal/stream_base_commons:216:20) {
    errno: -4077,
    code: 'ECONNRESET',
    syscall: 'read'
  }
}
